<?xml version="1.0" encoding="UTF-8"?>
<!-- Generated by org.testng.reporters.JUnitReportReporter -->
<testsuite hostname="DESKTOP-HT2SLMR" failures="0" tests="18" name="com.IdentifyNewBikes.Tests.TestCases" time="102.266" errors="0" timestamp="2021-07-26T12:58:49 IST" skipped="0">
  <testcase classname="com.IdentifyNewBikes.Tests.TestCases" name="callingBrowser" time="7.877"/>
  <system-out/>
  <testcase classname="com.IdentifyNewBikes.Tests.TestCases" name="pageOpening" time="7.011"/>
  <system-out/>
  <testcase classname="com.IdentifyNewBikes.Tests.TestCases" name="pageTitle" time="0.014"/>
  <system-out/>
  <testcase classname="com.IdentifyNewBikes.Tests.TestCases" name="selectLogin" time="5.491"/>
  <system-out/>
  <testcase classname="com.IdentifyNewBikes.Tests.TestCases" name="selectContinueWithGoogle" time="6.713"/>
  <system-out/>
  <testcase classname="com.IdentifyNewBikes.Tests.TestCases" name="invalidEmail" time="5.326"/>
  <system-out/>
  <testcase classname="com.IdentifyNewBikes.Tests.TestCases" name="ClickOnNextBtn" time="3.428"/>
  <system-out/>
  <testcase classname="com.IdentifyNewBikes.Tests.TestCases" name="validEmailInvalidPassword" time="10.776"/>
  <system-out/>
  <testcase classname="com.IdentifyNewBikes.Tests.TestCases" name="clickNxt2Btn" time="6.466"/>
  <system-out/>
  <testcase classname="com.IdentifyNewBikes.Tests.TestCases" name="clickOnNewBikes" time="4.102"/>
  <system-out/>
  <testcase classname="com.IdentifyNewBikes.Tests.TestCases" name="clickOnUpcomingBikes" time="8.014"/>
  <system-out/>
  <testcase classname="com.IdentifyNewBikes.Tests.TestCases" name="pageTitle1" time="0.025"/>
  <system-out/>
  <testcase classname="com.IdentifyNewBikes.Tests.TestCases" name="selectHondaCompanyBikes" time="1.690"/>
  <system-out/>
  <testcase classname="com.IdentifyNewBikes.Tests.TestCases" name="selectingBikes" time="8.130"/>
  <system-out/>
  <testcase classname="com.IdentifyNewBikes.Tests.TestCases" name="clickOnUsedCars" time="3.438"/>
  <system-out/>
  <testcase classname="com.IdentifyNewBikes.Tests.TestCases" name="clickOnChennaiBtn" time="16.487"/>
  <system-out/>
  <testcase classname="com.IdentifyNewBikes.Tests.TestCases" name="pageTile2" time="0.007"/>
  <system-out/>
  <testcase classname="com.IdentifyNewBikes.Tests.TestCases" name="getUsedCars" time="7.271"/>
  <system-out/>
</testsuite> <!-- com.IdentifyNewBikes.Tests.TestCases -->
