<?xml version="1.0" encoding="UTF-8"?>
<!-- Generated by org.testng.reporters.JUnitReportReporter -->
<testsuite hostname="DESKTOP-HT2SLMR" failures="0" tests="3" name="com.IdentifyNewBike.Pages.UpcomingBikes" time="28.936" errors="0" timestamp="2021-07-26T10:40:10 IST" skipped="0">
  <testcase classname="com.IdentifyNewBike.Pages.UpcomingBikes" name="upcomingBikes" time="16.228"/>
  <system-out/>
  <testcase classname="com.IdentifyNewBike.Pages.UpcomingBikes" name="selectHondaCompanyBikes" time="1.708"/>
  <system-out/>
  <testcase classname="com.IdentifyNewBike.Pages.UpcomingBikes" name="selectingBikes" time="11.000"/>
  <system-out/>
</testsuite> <!-- com.IdentifyNewBike.Pages.UpcomingBikes -->
