<?xml version="1.0" encoding="UTF-8"?>
<!-- Generated by org.testng.reporters.JUnitReportReporter -->
<testsuite hostname="DESKTOP-HT2SLMR" failures="0" tests="3" name="com.IdentifyNewBike.Test.UpcomingBikes" time="36.937" errors="0" timestamp="2021-07-23T19:44:32 IST" skipped="0">
  <testcase classname="com.IdentifyNewBike.Test.UpcomingBikes" name="upcomingBikes" time="27.609"/>
  <system-out/>
  <testcase classname="com.IdentifyNewBike.Test.UpcomingBikes" name="selectHondaCompanyBikes" time="1.022"/>
  <system-out/>
  <testcase classname="com.IdentifyNewBike.Test.UpcomingBikes" name="selectingBikes" time="8.306"/>
  <system-out/>
</testsuite> <!-- com.IdentifyNewBike.Test.UpcomingBikes -->
