<?xml version="1.0" encoding="UTF-8"?>
<!-- Generated by org.testng.reporters.JUnitReportReporter -->
<testsuite hostname="DESKTOP-HT2SLMR" failures="0" tests="4" name="com.IdentifyNewBike.Test.LoginSignUp" time="54.973" errors="0" timestamp="2021-07-23T19:18:53 IST" skipped="0">
  <testcase classname="com.IdentifyNewBike.Test.LoginSignUp" name="selectLogin" time="22.116"/>
  <system-out/>
  <testcase classname="com.IdentifyNewBike.Test.LoginSignUp" name="selectContinueWithGoogle" time="5.987"/>
  <system-out/>
  <testcase classname="com.IdentifyNewBike.Test.LoginSignUp" name="invalidEmail" time="14.692"/>
  <system-out/>
  <testcase classname="com.IdentifyNewBike.Test.LoginSignUp" name="validEmailInvalidPassword" time="12.178"/>
  <system-out/>
</testsuite> <!-- com.IdentifyNewBike.Test.LoginSignUp -->
